[23-Oct-2025 22:08:45 Asia/Bangkok] Database connected successfully
[23-Oct-2025 22:08:45 Asia/Bangkok] Google Calendar Integration file not found: C:\xampp\htdocs\config/google_calendar_integration.php
[23-Oct-2025 22:08:45 Asia/Bangkok] Database config loaded successfully (v3.0 - Unified) - 2025-10-23 22:08:45
[23-Oct-2025 22:08:45 Asia/Bangkok] === Compensation Management API v2.0 ===
[23-Oct-2025 22:08:45 Asia/Bangkok] Action: get_all_compensations
[23-Oct-2025 22:08:45 Asia/Bangkok] User ID: 24
[23-Oct-2025 22:09:45 Asia/Bangkok] Database connected successfully
[23-Oct-2025 22:09:45 Asia/Bangkok] Google Calendar Integration file not found: C:\xampp\htdocs\config/google_calendar_integration.php
[23-Oct-2025 22:09:45 Asia/Bangkok] Database config loaded successfully (v3.0 - Unified) - 2025-10-23 22:09:45
[23-Oct-2025 22:09:45 Asia/Bangkok] === Compensation Management API v2.0 ===
[23-Oct-2025 22:09:45 Asia/Bangkok] Action: get_all_compensations
[23-Oct-2025 22:09:45 Asia/Bangkok] User ID: 24
[23-Oct-2025 22:10:45 Asia/Bangkok] Database connected successfully
[23-Oct-2025 22:10:45 Asia/Bangkok] Google Calendar Integration file not found: C:\xampp\htdocs\config/google_calendar_integration.php
[23-Oct-2025 22:10:45 Asia/Bangkok] Database config loaded successfully (v3.0 - Unified) - 2025-10-23 22:10:45
[23-Oct-2025 22:10:45 Asia/Bangkok] === Compensation Management API v2.0 ===
[23-Oct-2025 22:10:45 Asia/Bangkok] Action: get_all_compensations
[23-Oct-2025 22:10:45 Asia/Bangkok] User ID: 24
[23-Oct-2025 22:11:45 Asia/Bangkok] Database connected successfully
[23-Oct-2025 22:11:45 Asia/Bangkok] Google Calendar Integration file not found: C:\xampp\htdocs\config/google_calendar_integration.php
[23-Oct-2025 22:11:45 Asia/Bangkok] Database config loaded successfully (v3.0 - Unified) - 2025-10-23 22:11:45
[23-Oct-2025 22:11:45 Asia/Bangkok] === Compensation Management API v2.0 ===
[23-Oct-2025 22:11:45 Asia/Bangkok] Action: get_all_compensations
[23-Oct-2025 22:11:45 Asia/Bangkok] User ID: 24
[23-Oct-2025 22:12:45 Asia/Bangkok] Database connected successfully
[23-Oct-2025 22:12:45 Asia/Bangkok] Google Calendar Integration file not found: C:\xampp\htdocs\config/google_calendar_integration.php
[23-Oct-2025 22:12:45 Asia/Bangkok] Database config loaded successfully (v3.0 - Unified) - 2025-10-23 22:12:45
[23-Oct-2025 22:12:45 Asia/Bangkok] === Compensation Management API v2.0 ===
[23-Oct-2025 22:12:45 Asia/Bangkok] Action: get_all_compensations
[23-Oct-2025 22:12:45 Asia/Bangkok] User ID: 24
[23-Oct-2025 22:13:45 Asia/Bangkok] Database connected successfully
[23-Oct-2025 22:13:45 Asia/Bangkok] Google Calendar Integration file not found: C:\xampp\htdocs\config/google_calendar_integration.php
[23-Oct-2025 22:13:45 Asia/Bangkok] Database config loaded successfully (v3.0 - Unified) - 2025-10-23 22:13:45
[23-Oct-2025 22:13:45 Asia/Bangkok] === Compensation Management API v2.0 ===
[23-Oct-2025 22:13:45 Asia/Bangkok] Action: get_all_compensations
[23-Oct-2025 22:13:45 Asia/Bangkok] User ID: 24
[23-Oct-2025 22:14:45 Asia/Bangkok] Database connected successfully
[23-Oct-2025 22:14:45 Asia/Bangkok] Google Calendar Integration file not found: C:\xampp\htdocs\config/google_calendar_integration.php
[23-Oct-2025 22:14:45 Asia/Bangkok] Database config loaded successfully (v3.0 - Unified) - 2025-10-23 22:14:45
[23-Oct-2025 22:14:45 Asia/Bangkok] === Compensation Management API v2.0 ===
[23-Oct-2025 22:14:45 Asia/Bangkok] Action: get_all_compensations
[23-Oct-2025 22:14:45 Asia/Bangkok] User ID: 24
[23-Oct-2025 22:15:45 Asia/Bangkok] Database connected successfully
[23-Oct-2025 22:15:45 Asia/Bangkok] Google Calendar Integration file not found: C:\xampp\htdocs\config/google_calendar_integration.php
[23-Oct-2025 22:15:45 Asia/Bangkok] Database config loaded successfully (v3.0 - Unified) - 2025-10-23 22:15:45
[23-Oct-2025 22:15:45 Asia/Bangkok] === Compensation Management API v2.0 ===
[23-Oct-2025 22:15:45 Asia/Bangkok] Action: get_all_compensations
[23-Oct-2025 22:15:45 Asia/Bangkok] User ID: 24
[23-Oct-2025 22:16:45 Asia/Bangkok] Database connected successfully
[23-Oct-2025 22:16:45 Asia/Bangkok] Google Calendar Integration file not found: C:\xampp\htdocs\config/google_calendar_integration.php
[23-Oct-2025 22:16:45 Asia/Bangkok] Database config loaded successfully (v3.0 - Unified) - 2025-10-23 22:16:45
[23-Oct-2025 22:16:45 Asia/Bangkok] === Compensation Management API v2.0 ===
[23-Oct-2025 22:16:45 Asia/Bangkok] Action: get_all_compensations
[23-Oct-2025 22:16:45 Asia/Bangkok] User ID: 24
